<?xml version="1.0" encoding="UTF-8"?>
<testng-results ignored="0" total="1" passed="1" failed="0" skipped="0">
  <reporter-output>
  </reporter-output>
  <suite started-at="2021-09-14T08:17:11 IST" name="Default suite" finished-at="2021-09-14T08:17:29 IST" duration-ms="17707">
    <groups>
    </groups>
    <test started-at="2021-09-14T08:17:11 IST" name="Default test" finished-at="2021-09-14T08:17:29 IST" duration-ms="17707">
      <class name="switches.FileUpload">
        <test-method is-config="true" signature="beforeMethod()[pri:0, instance:switches.FileUpload@49c7b90e]" started-at="2021-09-14T08:17:11 IST" name="beforeMethod" finished-at="2021-09-14T08:17:25 IST" duration-ms="14155" status="PASS">
          <reporter-output>
          </reporter-output>
        </test-method> <!-- beforeMethod -->
        <test-method signature="fileupload()[pri:0, instance:switches.FileUpload@49c7b90e]" started-at="2021-09-14T08:17:25 IST" name="fileupload" finished-at="2021-09-14T08:17:29 IST" duration-ms="3430" status="PASS">
          <reporter-output>
          </reporter-output>
        </test-method> <!-- fileupload -->
        <test-method is-config="true" signature="afterMethod()[pri:0, instance:switches.FileUpload@49c7b90e]" started-at="2021-09-14T08:17:29 IST" name="afterMethod" finished-at="2021-09-14T08:17:29 IST" duration-ms="1" status="PASS">
          <reporter-output>
          </reporter-output>
        </test-method> <!-- afterMethod -->
      </class> <!-- switches.FileUpload -->
    </test> <!-- Default test -->
  </suite> <!-- Default suite -->
</testng-results>
