<?xml version="1.0" encoding="UTF-8"?>
<!-- Generated by org.testng.reporters.JUnitXMLReporter -->
<testsuite hostname="DESKTOP-27L8JE7" ignored="0" name="DemoTest" tests="4" failures="0" timestamp="03 Aug 2021 02:29:40 GMT" time="175.267" errors="0">
  <testcase name="linktesting1" time="2.737" classname="com.project.July7_30AM_Maven_SeleniumBatch.LinksTesting1"/>
  <testcase name="amazon" time="58.87" classname="com.project.July7_30AM_Maven_SeleniumBatch.TNG_003"/>
  <testcase name="checkboxTest" time="1.371" classname="com.project.July7_30AM_Maven_SeleniumBatch.RadioButton1"/>
  <testcase name="checkboxTest" time="0.288" classname="com.project.July7_30AM_Maven_SeleniumBatch.CheckBox1"/>
</testsuite> <!-- DemoTest -->
