<?xml version="1.0" encoding="UTF-8"?>
<!-- Generated by org.testng.reporters.JUnitXMLReporter -->
<testsuite hostname="DESKTOP-27L8JE7" ignored="0" name="FirefoxTest" tests="4" failures="0" timestamp="03 Aug 2021 02:45:06 GMT" time="284.081" errors="0">
  <testcase name="linktesting1" time="3.379" classname="com.project.July7_30AM_Maven_SeleniumBatch.LinksTesting1"/>
  <testcase name="amazon" time="34.991" classname="com.project.July7_30AM_Maven_SeleniumBatch.TNG_003"/>
  <testcase name="checkboxTest" time="2.595" classname="com.project.July7_30AM_Maven_SeleniumBatch.RadioButton1"/>
  <testcase name="checkboxTest" time="2.29" classname="com.project.July7_30AM_Maven_SeleniumBatch.CheckBox1"/>
</testsuite> <!-- FirefoxTest -->
