<?xml version="1.0" encoding="UTF-8"?>
<!-- Generated by org.testng.reporters.JUnitXMLReporter -->
<testsuite hostname="DESKTOP-27L8JE7" ignored="2" name="Test" tests="2" failures="0" timestamp="04 Aug 2021 03:10:45 GMT" time="55.057" errors="0">
  <testcase name="checkboxTest" time="0.45" classname="com.project.July7_30AM_Maven_SeleniumBatch.RadioButton1"/>
  <testcase name="checkboxTest" time="1.512" classname="com.project.July7_30AM_Maven_SeleniumBatch.CheckBox1"/>
  <testcase name="amazon" time="0.0" classname="com.project.July7_30AM_Maven_SeleniumBatch.TNG_003">
    <ignored/>
  </testcase> <!-- amazon -->
  <testcase name="linktesting1" time="0.0" classname="com.project.July7_30AM_Maven_SeleniumBatch.LinksTesting1">
    <ignored/>
  </testcase> <!-- linktesting1 -->
</testsuite> <!-- Test -->
