<?xml version="1.0" encoding="UTF-8"?>
<!-- Generated by org.testng.reporters.JUnitXMLReporter -->
<testsuite ignored="3" hostname="DESKTOP-JCJ8HOK" failures="0" tests="2" name="CreatePortfolioTest" time="0.183" errors="0" timestamp="2021-09-23T08:02:12 IST">
  <testcase classname="testcases.Sessions" name="doLogin" time="0.019"/>
  <testcase classname="testcases.PortfolioManagment" name="createPortfolio" time="0.004"/>
  <testcase classname="testcases.Sessions" name="doLogout" time="0.0">
    <ignored/>
  </testcase> <!-- doLogout -->
  <testcase classname="testcases.PortfolioManagment" name="deletePortfolio" time="0.0">
    <ignored/>
  </testcase> <!-- deletePortfolio -->
  <testcase classname="testbases.BaseTest" name="@BeforeTest beforeTest" time="0.0">
    <ignored/>
  </testcase> <!-- @BeforeTest beforeTest -->
</testsuite> <!-- CreatePortfolioTest -->
