<?xml version="1.0" encoding="UTF-8"?>
<!-- Generated by org.testng.reporters.JUnitXMLReporter -->
<testsuite ignored="2" hostname="DESKTOP-JCJ8HOK" failures="0" tests="2" name="CreatePortfolioTest" time="0.291" errors="0" timestamp="2021-09-22T08:14:26 IST">
  <testcase classname="testcases.Sessions" name="doLogin" time="0.083"/>
  <testcase classname="testcases.PortfolioManagment" name="createPortfolio" time="0.004"/>
  <testcase classname="testcases.Sessions" name="doLogout" time="0.0">
    <ignored/>
  </testcase> <!-- doLogout -->
  <testcase classname="testcases.PortfolioManagment" name="deletePortfolio" time="0.0">
    <ignored/>
  </testcase> <!-- deletePortfolio -->
</testsuite> <!-- CreatePortfolioTest -->
