<?xml version="1.0" encoding="UTF-8"?>
<!-- Generated by org.testng.reporters.JUnitXMLReporter -->
<testsuite ignored="2" hostname="DESKTOP-JCJ8HOK" failures="0" tests="2" name="DeletePortfolioTest" time="0.019" errors="0" timestamp="2021-09-22T08:14:26 IST">
  <testcase classname="testcases.Sessions" name="doLogin" time="0.003"/>
  <testcase classname="testcases.PortfolioManagment" name="deletePortfolio" time="0.008"/>
  <testcase classname="testcases.Sessions" name="doLogout" time="0.0">
    <ignored/>
  </testcase> <!-- doLogout -->
  <testcase classname="testcases.PortfolioManagment" name="createPortfolio" time="0.0">
    <ignored/>
  </testcase> <!-- createPortfolio -->
</testsuite> <!-- DeletePortfolioTest -->
