<?xml version="1.0" encoding="UTF-8"?>
<!-- Generated by org.testng.reporters.JUnitReportReporter -->
<testsuite skipped="1" hostname="DESKTOP-27L8JE7" name="com.project.July7_30AM_Maven_SeleniumBatch.TNG_002" tests="3" failures="0" timestamp="02 Aug 2021 03:22:18 GMT" time="0.052" errors="0">
  <testcase name="f" time="0.044" classname="com.project.July7_30AM_Maven_SeleniumBatch.TNG_002"/>
  <testcase name="z" time="0.008" classname="com.project.July7_30AM_Maven_SeleniumBatch.TNG_002"/>
  <testcase name="a" classname="com.project.July7_30AM_Maven_SeleniumBatch.TNG_002">
    <skipped/>
  </testcase> <!-- a -->
</testsuite> <!-- com.project.July7_30AM_Maven_SeleniumBatch.TNG_002 -->
