<?xml version="1.0" encoding="UTF-8"?>
<!-- Generated by org.testng.reporters.JUnitXMLReporter -->
<testsuite hostname="DESKTOP-27L8JE7" ignored="0" name="Default test" tests="3" failures="0" timestamp="2021-08-11T08:05:52 IST" time="0.188" errors="0">
  <testcase name="searchHotel" time="0.037" classname="testcases.BookingSearch"/>
  <testcase name="selectHotel" time="0.004" classname="testcases.BookingSearch"/>
  <testcase name="enterGuestInfo" time="0.004" classname="testcases.BookingSearch"/>
</testsuite> <!-- Default test -->
