<?xml version="1.0" encoding="UTF-8"?>
<!-- Generated by org.testng.reporters.JUnitXMLReporter -->
<testsuite hostname="DESKTOP-27L8JE7" ignored="1" name="AutomationTest" tests="3" failures="0" timestamp="02 Aug 2021 03:26:31 GMT" time="0.135" errors="0">
  <testcase name="f" time="0.019" classname="com.project.July7_30AM_Maven_SeleniumBatch.TNG_001"/>
  <testcase name="f" time="0.005" classname="com.project.July7_30AM_Maven_SeleniumBatch.TNG_002"/>
  <testcase name="z" time="0.006" classname="com.project.July7_30AM_Maven_SeleniumBatch.TNG_002"/>
  <testcase name="a" time="0.0" classname="com.project.July7_30AM_Maven_SeleniumBatch.TNG_002">
    <ignored/>
  </testcase> <!-- a -->
</testsuite> <!-- AutomationTest -->
