<?xml version="1.0" encoding="UTF-8"?>
<!-- Generated by org.testng.reporters.JUnitXMLReporter -->
<testsuite hostname="DESKTOP-27L8JE7" ignored="0" name="Default test" tests="4" failures="0" timestamp="04 Aug 2021 03:24:23 GMT" time="0.179" errors="0">
  <testcase name="orange" time="0.034" classname="parallelsuites.TestDependency"/>
  <testcase name="white" time="0.008" classname="parallelsuites.TestDependency"/>
  <testcase name="blue" time="0.01" classname="parallelsuites.TestDependency">
    <skipped/>
  </testcase> <!-- blue -->
  <testcase name="green" time="0.0" classname="parallelsuites.TestDependency">
    <skipped/>
  </testcase> <!-- green -->
</testsuite> <!-- Default test -->
