<?xml version="1.0" encoding="UTF-8"?>
<!-- Generated by org.testng.reporters.JUnitXMLReporter -->
<testsuite ignored="6" hostname="DESKTOP-JCJ8HOK" failures="0" tests="1" name="Default test" time="16.405" errors="0" timestamp="2021-09-15T08:12:09 IST">
  <testcase classname="switches.MouseOperations" name="autoSuggestion" time="9.487"/>
  <testcase classname="switches.MouseOperations" name="rightClickMethod" time="0.0">
    <ignored/>
  </testcase> <!-- rightClickMethod -->
  <testcase classname="switches.MouseOperations" name="dragAnddrop" time="0.0">
    <ignored/>
  </testcase> <!-- dragAnddrop -->
  <testcase classname="switches.MouseOperations" name="resizeMethod" time="0.0">
    <ignored/>
  </testcase> <!-- resizeMethod -->
  <testcase classname="switches.MouseOperations" name="MoveToelement" time="0.0">
    <ignored/>
  </testcase> <!-- MoveToelement -->
  <testcase classname="switches.MouseOperations" name="slider" time="0.0">
    <ignored/>
  </testcase> <!-- slider -->
  <testcase classname="switches.MouseOperations" name="Browserslider" time="0.0">
    <ignored/>
  </testcase> <!-- Browserslider -->
</testsuite> <!-- Default test -->
