<?xml version="1.0" encoding="UTF-8"?>
<testng-results skipped="0" failed="0" ignored="0" total="1" passed="1">
  <reporter-output>
  </reporter-output>
  <suite name="My Suite" duration-ms="119" started-at="2021-08-12T08:02:33 IST" finished-at="2021-08-12T08:02:33 IST">
    <groups>
    </groups>
    <test name="Login Test" duration-ms="119" started-at="2021-08-12T08:02:33 IST" finished-at="2021-08-12T08:02:33 IST">
      <class name="testcases.Login">
        <test-method status="PASS" signature="login()[pri:0, instance:testcases.Login@ea4a92b]" name="login" duration-ms="7" started-at="2021-08-12T08:02:33 IST" finished-at="2021-08-12T08:02:33 IST">
          <reporter-output>
          </reporter-output>
        </test-method> <!-- login -->
      </class> <!-- testcases.Login -->
    </test> <!-- Login Test -->
  </suite> <!-- My Suite -->
</testng-results>
