<?xml version="1.0" encoding="UTF-8"?>
<!-- Generated by org.testng.reporters.JUnitXMLReporter -->
<testsuite hostname="DESKTOP-27L8JE7" ignored="0" name="Create Booking Test" tests="6" failures="0" timestamp="2021-08-11T08:15:15 IST" time="0.233" errors="0">
  <testcase name="searchHotel" time="0.027" classname="testcases.BookingSearch"/>
  <testcase name="selectHotel" time="0.007" classname="testcases.BookingSearch"/>
  <testcase name="enterGuestInfo" time="0.011" classname="testcases.BookingSearch"/>
  <testcase name="applyDiscount" time="0.009" classname="testcases.PaymentManager"/>
  <testcase name="makePayment" time="0.004" classname="testcases.PaymentManager"/>
  <testcase name="checkEmail" time="0.004" classname="testcases.CustomerCommunications"/>
</testsuite> <!-- Create Booking Test -->
