<?xml version="1.0" encoding="UTF-8"?>
<!-- Generated by org.testng.reporters.JUnitXMLReporter -->
<testsuite hostname="DESKTOP-27L8JE7" ignored="1" name="Create Booking Test - Apply Discount - Instant Payment" tests="6" failures="0" timestamp="2021-08-16T07:53:06 IST" time="0.065" errors="0">
  <testcase name="searchHotel" time="0.002" classname="testcases.BookingSearch"/>
  <testcase name="selectHotel" time="0.002" classname="testcases.BookingSearch"/>
  <testcase name="enterGuestInfo" time="0.002" classname="testcases.BookingSearch"/>
  <testcase name="applyDiscount" time="0.003" classname="testcases.PaymentManager"/>
  <testcase name="makePayment" time="0.004" classname="testcases.PaymentManager"/>
  <testcase name="checkEmail" time="0.01" classname="testcases.CustomerCommunications"/>
  <testcase name="loadBooking" time="0.0" classname="testcases.BookingSearch">
    <ignored/>
  </testcase> <!-- loadBooking -->
</testsuite> <!-- Create Booking Test - Apply Discount - Instant Payment -->
