<?xml version="1.0" encoding="UTF-8"?>
<!-- Generated by org.testng.reporters.JUnitXMLReporter -->
<testsuite hostname="DESKTOP-27L8JE7" ignored="2" name="Create Booking Test - No Discount - pay@hotel" tests="4" failures="0" timestamp="2021-08-16T07:53:41 IST" time="0.009" errors="0">
  <testcase name="searchHotel" time="0.0" classname="testcases.BookingSearch"/>
  <testcase name="selectHotel" time="0.0" classname="testcases.BookingSearch"/>
  <testcase name="enterGuestInfo" time="0.0" classname="testcases.BookingSearch"/>
  <testcase name="makePayment" time="0.002" classname="testcases.PaymentManager"/>
  <testcase name="loadBooking" time="0.0" classname="testcases.BookingSearch">
    <ignored/>
  </testcase> <!-- loadBooking -->
  <testcase name="applyDiscount" time="0.0" classname="testcases.PaymentManager">
    <ignored/>
  </testcase> <!-- applyDiscount -->
</testsuite> <!-- Create Booking Test - No Discount - pay@hotel -->
