<?xml version="1.0" encoding="UTF-8"?>
<!-- Generated by org.testng.reporters.JUnitXMLReporter -->
<testsuite hostname="DESKTOP-27L8JE7" ignored="1" name="Create Booking Test - Apply Discount - pay@hotel" tests="6" failures="0" timestamp="2021-08-12T08:42:25 IST" time="0.141" errors="0">
  <testcase name="searchHotel" time="0.014" classname="testcases.BookingSearch"/>
  <testcase name="selectHotel" time="0.001" classname="testcases.BookingSearch"/>
  <testcase name="enterGuestInfo" time="0.0" classname="testcases.BookingSearch"/>
  <testcase name="applyDiscount" time="0.0" classname="testcases.PaymentManager"/>
  <testcase name="makePayment" time="0.0" classname="testcases.PaymentManager"/>
  <testcase name="checkEmail" time="0.0" classname="testcases.CustomerCommunications"/>
  <testcase name="loadBooking" time="0.0" classname="testcases.BookingSearch">
    <ignored/>
  </testcase> <!-- loadBooking -->
</testsuite> <!-- Create Booking Test - Apply Discount - pay@hotel -->
